[36m--[0m Using CATKIN_DEVEL_PREFIX: /home/user/catkin_ws/devel/.private/my_mira_description
[36m--[0m Using CMAKE_PREFIX_PATH: /home/user/catkin_ws/devel;/home/simulations/public_sim_ws/devel;/opt/ros/kinetic
[36m--[0m This workspace overlays: /home/user/catkin_ws/devel;/home/simulations/public_sim_ws/devel;/opt/ros/kinetic
[36m--[0m Found PythonInterp: /usr/bin/python2 (found suitable version "2.7.12", minimum required is "2")
[36m--[0m Using PYTHON_EXECUTABLE: /usr/bin/python2
[36m--[0m Using Debian Python package layout
[36m--[0m Using empy: /usr/bin/empy
[36m--[0m Using CATKIN_ENABLE_TESTING: ON
[36m--[0m Call enable_testing()
[36m--[0m Using CATKIN_TEST_RESULTS_DIR: /home/user/catkin_ws/build/my_mira_description/test_results
[36m--[0m Found gtest sources under '/usr/src/gmock': gtests will be built
[36m--[0m Found gmock sources under '/usr/src/gmock': gmock will be built
[36m--[0m Found PythonInterp: /usr/bin/python2 (found version "2.7.12")
[36m--[0m Using Python nosetests: /usr/local/bin/nosetests-2.7
[36m--[0m catkin 0.7.20
[36m--[0m BUILD_SHARED_LIBS is on
[36m--[0m Using these message generators: gencpp;geneus;genlisp;gennodejs;genpy
[36m--[0m Configuring done
CMake Error: CMake can not determine linker language for target: inertia_calculator
CMake Error: Cannot determine link language for target "inertia_calculator".
[36m--[0m Generating done
[36m--[0m Build files have been written to: /home/user/catkin_ws/build/my_mira_description
Makefile:1536: recipe for target 'cmake_check_build_system' failed
make: *** [cmake_check_build_system] Error 1
